17-Aug-2023 13:59:37.100 INFO [main] org.apache.catalina.startup.VersionLoggerListener.log Server version name:   Apache Tomcat/10.1.11
17-Aug-2023 13:59:37.131 INFO [main] org.apache.catalina.startup.VersionLoggerListener.log Server built:          Jul 6 2023 13:45:39 UTC
17-Aug-2023 13:59:37.131 INFO [main] org.apache.catalina.startup.VersionLoggerListener.log Server version number: 10.1.11.0
17-Aug-2023 13:59:37.132 INFO [main] org.apache.catalina.startup.VersionLoggerListener.log OS Name:               Linux
17-Aug-2023 13:59:37.132 INFO [main] org.apache.catalina.startup.VersionLoggerListener.log OS Version:            6.2.0-26-generic
17-Aug-2023 13:59:37.132 INFO [main] org.apache.catalina.startup.VersionLoggerListener.log Architecture:          amd64
17-Aug-2023 13:59:37.132 INFO [main] org.apache.catalina.startup.VersionLoggerListener.log Java Home:             /usr/lib/jvm/java-17-openjdk-amd64
17-Aug-2023 13:59:37.132 INFO [main] org.apache.catalina.startup.VersionLoggerListener.log JVM Version:           17.0.8+7-Ubuntu-122.04
17-Aug-2023 13:59:37.132 INFO [main] org.apache.catalina.startup.VersionLoggerListener.log JVM Vendor:            Private Build
17-Aug-2023 13:59:37.133 INFO [main] org.apache.catalina.startup.VersionLoggerListener.log CATALINA_BASE:         /home/harris/tomcat
17-Aug-2023 13:59:37.133 INFO [main] org.apache.catalina.startup.VersionLoggerListener.log CATALINA_HOME:         /home/harris/tomcat
17-Aug-2023 13:59:37.196 INFO [main] org.apache.catalina.startup.VersionLoggerListener.log Command line argument: -Djava.util.logging.config.file=/home/harris/tomcat/conf/logging.properties
17-Aug-2023 13:59:37.197 INFO [main] org.apache.catalina.startup.VersionLoggerListener.log Command line argument: -Djava.util.logging.manager=org.apache.juli.ClassLoaderLogManager
17-Aug-2023 13:59:37.197 INFO [main] org.apache.catalina.startup.VersionLoggerListener.log Command line argument: -Djdk.tls.ephemeralDHKeySize=2048
17-Aug-2023 13:59:37.197 INFO [main] org.apache.catalina.startup.VersionLoggerListener.log Command line argument: -Djava.protocol.handler.pkgs=org.apache.catalina.webresources
17-Aug-2023 13:59:37.197 INFO [main] org.apache.catalina.startup.VersionLoggerListener.log Command line argument: -Dorg.apache.catalina.security.SecurityListener.UMASK=0027
17-Aug-2023 13:59:37.197 INFO [main] org.apache.catalina.startup.VersionLoggerListener.log Command line argument: --add-opens=java.base/java.lang=ALL-UNNAMED
17-Aug-2023 13:59:37.198 INFO [main] org.apache.catalina.startup.VersionLoggerListener.log Command line argument: --add-opens=java.base/java.io=ALL-UNNAMED
17-Aug-2023 13:59:37.198 INFO [main] org.apache.catalina.startup.VersionLoggerListener.log Command line argument: --add-opens=java.base/java.util=ALL-UNNAMED
17-Aug-2023 13:59:37.198 INFO [main] org.apache.catalina.startup.VersionLoggerListener.log Command line argument: --add-opens=java.base/java.util.concurrent=ALL-UNNAMED
17-Aug-2023 13:59:37.198 INFO [main] org.apache.catalina.startup.VersionLoggerListener.log Command line argument: --add-opens=java.rmi/sun.rmi.transport=ALL-UNNAMED
17-Aug-2023 13:59:37.198 INFO [main] org.apache.catalina.startup.VersionLoggerListener.log Command line argument: -Dcatalina.base=/home/harris/tomcat
17-Aug-2023 13:59:37.198 INFO [main] org.apache.catalina.startup.VersionLoggerListener.log Command line argument: -Dcatalina.home=/home/harris/tomcat
17-Aug-2023 13:59:37.199 INFO [main] org.apache.catalina.startup.VersionLoggerListener.log Command line argument: -Djava.io.tmpdir=/home/harris/tomcat/temp
17-Aug-2023 13:59:37.228 INFO [main] org.apache.catalina.core.AprLifecycleListener.lifecycleEvent The Apache Tomcat Native library which allows using OpenSSL was not found on the java.library.path: [/usr/java/packages/lib:/usr/lib/x86_64-linux-gnu/jni:/lib/x86_64-linux-gnu:/usr/lib/x86_64-linux-gnu:/usr/lib/jni:/lib:/usr/lib]
17-Aug-2023 13:59:37.786 INFO [main] org.apache.coyote.AbstractProtocol.init Initializing ProtocolHandler ["http-nio-8080"]
17-Aug-2023 13:59:37.847 INFO [main] org.apache.catalina.startup.Catalina.load Server initialization in [1329] milliseconds
17-Aug-2023 13:59:37.903 INFO [main] org.apache.catalina.core.StandardService.startInternal Starting service [Catalina]
17-Aug-2023 13:59:37.903 INFO [main] org.apache.catalina.core.StandardEngine.startInternal Starting Servlet engine: [Apache Tomcat/10.1.11]
17-Aug-2023 13:59:37.928 INFO [main] org.apache.catalina.startup.HostConfig.deployDirectory Deploying web application directory [/home/harris/tomcat/webapps/ROOT]
17-Aug-2023 13:59:39.302 INFO [main] org.apache.jasper.servlet.TldScanner.scanJars At least one JAR was scanned for TLDs yet contained no TLDs. Enable debug logging for this logger for a complete list of JARs that were scanned but no TLDs were found in them. Skipping unneeded JARs during scanning can improve startup time and JSP compilation time.
17-Aug-2023 13:59:39.405 INFO [main] org.apache.catalina.startup.HostConfig.deployDirectory Deployment of web application directory [/home/harris/tomcat/webapps/ROOT] has finished in [1,476] ms
17-Aug-2023 13:59:39.408 INFO [main] org.apache.coyote.AbstractProtocol.start Starting ProtocolHandler ["http-nio-8080"]
17-Aug-2023 13:59:39.455 INFO [main] org.apache.catalina.startup.Catalina.start Server startup in [1607] milliseconds
