26-Aug-2023 12:53:24.981 INFO [main] org.apache.catalina.startup.VersionLoggerListener.log Server version name:   Apache Tomcat/10.1.11
26-Aug-2023 12:53:25.021 INFO [main] org.apache.catalina.startup.VersionLoggerListener.log Server built:          Jul 6 2023 13:45:39 UTC
26-Aug-2023 12:53:25.021 INFO [main] org.apache.catalina.startup.VersionLoggerListener.log Server version number: 10.1.11.0
26-Aug-2023 12:53:25.021 INFO [main] org.apache.catalina.startup.VersionLoggerListener.log OS Name:               Linux
26-Aug-2023 12:53:25.022 INFO [main] org.apache.catalina.startup.VersionLoggerListener.log OS Version:            6.2.0-26-generic
26-Aug-2023 12:53:25.022 INFO [main] org.apache.catalina.startup.VersionLoggerListener.log Architecture:          amd64
26-Aug-2023 12:53:25.022 INFO [main] org.apache.catalina.startup.VersionLoggerListener.log Java Home:             /usr/lib/jvm/java-17-openjdk-amd64
26-Aug-2023 12:53:25.022 INFO [main] org.apache.catalina.startup.VersionLoggerListener.log JVM Version:           17.0.8+7-Ubuntu-122.04
26-Aug-2023 12:53:25.022 INFO [main] org.apache.catalina.startup.VersionLoggerListener.log JVM Vendor:            Private Build
26-Aug-2023 12:53:25.022 INFO [main] org.apache.catalina.startup.VersionLoggerListener.log CATALINA_BASE:         /home/harris/tomcat
26-Aug-2023 12:53:25.022 INFO [main] org.apache.catalina.startup.VersionLoggerListener.log CATALINA_HOME:         /home/harris/tomcat
26-Aug-2023 12:53:25.047 INFO [main] org.apache.catalina.startup.VersionLoggerListener.log Command line argument: -Djava.util.logging.config.file=/home/harris/tomcat/conf/logging.properties
26-Aug-2023 12:53:25.048 INFO [main] org.apache.catalina.startup.VersionLoggerListener.log Command line argument: -Djava.util.logging.manager=org.apache.juli.ClassLoaderLogManager
26-Aug-2023 12:53:25.048 INFO [main] org.apache.catalina.startup.VersionLoggerListener.log Command line argument: -Djdk.tls.ephemeralDHKeySize=2048
26-Aug-2023 12:53:25.048 INFO [main] org.apache.catalina.startup.VersionLoggerListener.log Command line argument: -Djava.protocol.handler.pkgs=org.apache.catalina.webresources
26-Aug-2023 12:53:25.054 INFO [main] org.apache.catalina.startup.VersionLoggerListener.log Command line argument: -Dorg.apache.catalina.security.SecurityListener.UMASK=0027
26-Aug-2023 12:53:25.054 INFO [main] org.apache.catalina.startup.VersionLoggerListener.log Command line argument: --add-opens=java.base/java.lang=ALL-UNNAMED
26-Aug-2023 12:53:25.055 INFO [main] org.apache.catalina.startup.VersionLoggerListener.log Command line argument: --add-opens=java.base/java.io=ALL-UNNAMED
26-Aug-2023 12:53:25.055 INFO [main] org.apache.catalina.startup.VersionLoggerListener.log Command line argument: --add-opens=java.base/java.util=ALL-UNNAMED
26-Aug-2023 12:53:25.055 INFO [main] org.apache.catalina.startup.VersionLoggerListener.log Command line argument: --add-opens=java.base/java.util.concurrent=ALL-UNNAMED
26-Aug-2023 12:53:25.055 INFO [main] org.apache.catalina.startup.VersionLoggerListener.log Command line argument: --add-opens=java.rmi/sun.rmi.transport=ALL-UNNAMED
26-Aug-2023 12:53:25.055 INFO [main] org.apache.catalina.startup.VersionLoggerListener.log Command line argument: -Dcatalina.base=/home/harris/tomcat
26-Aug-2023 12:53:25.055 INFO [main] org.apache.catalina.startup.VersionLoggerListener.log Command line argument: -Dcatalina.home=/home/harris/tomcat
26-Aug-2023 12:53:25.055 INFO [main] org.apache.catalina.startup.VersionLoggerListener.log Command line argument: -Djava.io.tmpdir=/home/harris/tomcat/temp
26-Aug-2023 12:53:25.094 INFO [main] org.apache.catalina.core.AprLifecycleListener.lifecycleEvent The Apache Tomcat Native library which allows using OpenSSL was not found on the java.library.path: [/usr/java/packages/lib:/usr/lib/x86_64-linux-gnu/jni:/lib/x86_64-linux-gnu:/usr/lib/x86_64-linux-gnu:/usr/lib/jni:/lib:/usr/lib]
26-Aug-2023 12:53:25.551 INFO [main] org.apache.coyote.AbstractProtocol.init Initializing ProtocolHandler ["http-nio-8080"]
26-Aug-2023 12:53:25.622 INFO [main] org.apache.catalina.startup.Catalina.load Server initialization in [1167] milliseconds
26-Aug-2023 12:53:25.692 INFO [main] org.apache.catalina.core.StandardService.startInternal Starting service [Catalina]
26-Aug-2023 12:53:25.692 INFO [main] org.apache.catalina.core.StandardEngine.startInternal Starting Servlet engine: [Apache Tomcat/10.1.11]
26-Aug-2023 12:53:25.702 INFO [main] org.apache.catalina.startup.HostConfig.deployDirectory Deploying web application directory [/home/harris/tomcat/webapps/ROOT]
26-Aug-2023 12:53:26.866 INFO [main] org.apache.jasper.servlet.TldScanner.scanJars At least one JAR was scanned for TLDs yet contained no TLDs. Enable debug logging for this logger for a complete list of JARs that were scanned but no TLDs were found in them. Skipping unneeded JARs during scanning can improve startup time and JSP compilation time.
26-Aug-2023 12:53:26.904 INFO [main] org.apache.catalina.startup.HostConfig.deployDirectory Deployment of web application directory [/home/harris/tomcat/webapps/ROOT] has finished in [1,202] ms
26-Aug-2023 12:53:26.907 INFO [main] org.apache.coyote.AbstractProtocol.start Starting ProtocolHandler ["http-nio-8080"]
26-Aug-2023 12:53:26.917 INFO [main] org.apache.catalina.startup.Catalina.start Server startup in [1295] milliseconds
26-Aug-2023 12:57:04.460 INFO [main] org.apache.catalina.core.StandardServer.await A valid shutdown command was received via the shutdown port. Stopping the Server instance.
26-Aug-2023 12:57:04.532 INFO [main] org.apache.coyote.AbstractProtocol.pause Pausing ProtocolHandler ["http-nio-8080"]
26-Aug-2023 12:57:04.538 INFO [main] org.apache.catalina.core.StandardService.stopInternal Stopping service [Catalina]
26-Aug-2023 12:57:04.644 INFO [main] org.apache.coyote.AbstractProtocol.stop Stopping ProtocolHandler ["http-nio-8080"]
26-Aug-2023 12:57:04.658 INFO [main] org.apache.coyote.AbstractProtocol.destroy Destroying ProtocolHandler ["http-nio-8080"]
26-Aug-2023 12:57:06.538 INFO [main] org.apache.catalina.startup.VersionLoggerListener.log Server version name:   Apache Tomcat/10.1.11
26-Aug-2023 12:57:06.543 INFO [main] org.apache.catalina.startup.VersionLoggerListener.log Server built:          Jul 6 2023 13:45:39 UTC
26-Aug-2023 12:57:06.543 INFO [main] org.apache.catalina.startup.VersionLoggerListener.log Server version number: 10.1.11.0
26-Aug-2023 12:57:06.543 INFO [main] org.apache.catalina.startup.VersionLoggerListener.log OS Name:               Linux
26-Aug-2023 12:57:06.544 INFO [main] org.apache.catalina.startup.VersionLoggerListener.log OS Version:            6.2.0-26-generic
26-Aug-2023 12:57:06.544 INFO [main] org.apache.catalina.startup.VersionLoggerListener.log Architecture:          amd64
26-Aug-2023 12:57:06.544 INFO [main] org.apache.catalina.startup.VersionLoggerListener.log Java Home:             /usr/lib/jvm/java-17-openjdk-amd64
26-Aug-2023 12:57:06.544 INFO [main] org.apache.catalina.startup.VersionLoggerListener.log JVM Version:           17.0.8+7-Ubuntu-122.04
26-Aug-2023 12:57:06.544 INFO [main] org.apache.catalina.startup.VersionLoggerListener.log JVM Vendor:            Private Build
26-Aug-2023 12:57:06.545 INFO [main] org.apache.catalina.startup.VersionLoggerListener.log CATALINA_BASE:         /home/harris/tomcat
26-Aug-2023 12:57:06.545 INFO [main] org.apache.catalina.startup.VersionLoggerListener.log CATALINA_HOME:         /home/harris/tomcat
26-Aug-2023 12:57:06.600 INFO [main] org.apache.catalina.startup.VersionLoggerListener.log Command line argument: -Djava.util.logging.config.file=/home/harris/tomcat/conf/logging.properties
26-Aug-2023 12:57:06.601 INFO [main] org.apache.catalina.startup.VersionLoggerListener.log Command line argument: -Djava.util.logging.manager=org.apache.juli.ClassLoaderLogManager
26-Aug-2023 12:57:06.626 INFO [main] org.apache.catalina.startup.VersionLoggerListener.log Command line argument: -Djdk.tls.ephemeralDHKeySize=2048
26-Aug-2023 12:57:06.627 INFO [main] org.apache.catalina.startup.VersionLoggerListener.log Command line argument: -Djava.protocol.handler.pkgs=org.apache.catalina.webresources
26-Aug-2023 12:57:06.628 INFO [main] org.apache.catalina.startup.VersionLoggerListener.log Command line argument: -Dorg.apache.catalina.security.SecurityListener.UMASK=0027
26-Aug-2023 12:57:06.629 INFO [main] org.apache.catalina.startup.VersionLoggerListener.log Command line argument: --add-opens=java.base/java.lang=ALL-UNNAMED
26-Aug-2023 12:57:06.630 INFO [main] org.apache.catalina.startup.VersionLoggerListener.log Command line argument: --add-opens=java.base/java.io=ALL-UNNAMED
26-Aug-2023 12:57:06.630 INFO [main] org.apache.catalina.startup.VersionLoggerListener.log Command line argument: --add-opens=java.base/java.util=ALL-UNNAMED
26-Aug-2023 12:57:06.631 INFO [main] org.apache.catalina.startup.VersionLoggerListener.log Command line argument: --add-opens=java.base/java.util.concurrent=ALL-UNNAMED
26-Aug-2023 12:57:06.631 INFO [main] org.apache.catalina.startup.VersionLoggerListener.log Command line argument: --add-opens=java.rmi/sun.rmi.transport=ALL-UNNAMED
26-Aug-2023 12:57:06.632 INFO [main] org.apache.catalina.startup.VersionLoggerListener.log Command line argument: -Dcatalina.base=/home/harris/tomcat
26-Aug-2023 12:57:06.632 INFO [main] org.apache.catalina.startup.VersionLoggerListener.log Command line argument: -Dcatalina.home=/home/harris/tomcat
26-Aug-2023 12:57:06.633 INFO [main] org.apache.catalina.startup.VersionLoggerListener.log Command line argument: -Djava.io.tmpdir=/home/harris/tomcat/temp
26-Aug-2023 12:57:06.639 INFO [main] org.apache.catalina.core.AprLifecycleListener.lifecycleEvent The Apache Tomcat Native library which allows using OpenSSL was not found on the java.library.path: [/usr/java/packages/lib:/usr/lib/x86_64-linux-gnu/jni:/lib/x86_64-linux-gnu:/usr/lib/x86_64-linux-gnu:/usr/lib/jni:/lib:/usr/lib]
26-Aug-2023 12:57:06.977 INFO [main] org.apache.coyote.AbstractProtocol.init Initializing ProtocolHandler ["http-nio-8080"]
26-Aug-2023 12:57:07.003 INFO [main] org.apache.catalina.startup.Catalina.load Server initialization in [626] milliseconds
26-Aug-2023 12:57:07.049 INFO [main] org.apache.catalina.core.StandardService.startInternal Starting service [Catalina]
26-Aug-2023 12:57:07.050 INFO [main] org.apache.catalina.core.StandardEngine.startInternal Starting Servlet engine: [Apache Tomcat/10.1.11]
26-Aug-2023 12:57:07.067 INFO [main] org.apache.catalina.startup.HostConfig.deployDirectory Deploying web application directory [/home/harris/tomcat/webapps/ROOT]
26-Aug-2023 12:57:07.964 INFO [main] org.apache.jasper.servlet.TldScanner.scanJars At least one JAR was scanned for TLDs yet contained no TLDs. Enable debug logging for this logger for a complete list of JARs that were scanned but no TLDs were found in them. Skipping unneeded JARs during scanning can improve startup time and JSP compilation time.
26-Aug-2023 12:57:07.999 INFO [main] org.apache.catalina.startup.HostConfig.deployDirectory Deployment of web application directory [/home/harris/tomcat/webapps/ROOT] has finished in [932] ms
26-Aug-2023 12:57:08.002 INFO [main] org.apache.coyote.AbstractProtocol.start Starting ProtocolHandler ["http-nio-8080"]
26-Aug-2023 12:57:08.012 INFO [main] org.apache.catalina.startup.Catalina.start Server startup in [1008] milliseconds
26-Aug-2023 13:03:58.490 INFO [main] org.apache.catalina.core.StandardServer.await A valid shutdown command was received via the shutdown port. Stopping the Server instance.
26-Aug-2023 13:03:58.491 INFO [main] org.apache.coyote.AbstractProtocol.pause Pausing ProtocolHandler ["http-nio-8080"]
26-Aug-2023 13:03:58.492 INFO [main] org.apache.catalina.core.StandardService.stopInternal Stopping service [Catalina]
26-Aug-2023 13:03:58.497 WARNING [main] org.apache.catalina.loader.WebappClassLoaderBase.clearReferencesJdbc The web application [ROOT] registered the JDBC driver [org.postgresql.Driver] but failed to unregister it when the web application was stopped. To prevent a memory leak, the JDBC Driver has been forcibly unregistered.
26-Aug-2023 13:03:58.509 INFO [main] org.apache.coyote.AbstractProtocol.stop Stopping ProtocolHandler ["http-nio-8080"]
26-Aug-2023 13:03:58.516 INFO [main] org.apache.coyote.AbstractProtocol.destroy Destroying ProtocolHandler ["http-nio-8080"]
26-Aug-2023 13:04:00.049 INFO [main] org.apache.catalina.startup.VersionLoggerListener.log Server version name:   Apache Tomcat/10.1.11
26-Aug-2023 13:04:00.053 INFO [main] org.apache.catalina.startup.VersionLoggerListener.log Server built:          Jul 6 2023 13:45:39 UTC
26-Aug-2023 13:04:00.054 INFO [main] org.apache.catalina.startup.VersionLoggerListener.log Server version number: 10.1.11.0
26-Aug-2023 13:04:00.054 INFO [main] org.apache.catalina.startup.VersionLoggerListener.log OS Name:               Linux
26-Aug-2023 13:04:00.054 INFO [main] org.apache.catalina.startup.VersionLoggerListener.log OS Version:            6.2.0-26-generic
26-Aug-2023 13:04:00.054 INFO [main] org.apache.catalina.startup.VersionLoggerListener.log Architecture:          amd64
26-Aug-2023 13:04:00.055 INFO [main] org.apache.catalina.startup.VersionLoggerListener.log Java Home:             /usr/lib/jvm/java-17-openjdk-amd64
26-Aug-2023 13:04:00.055 INFO [main] org.apache.catalina.startup.VersionLoggerListener.log JVM Version:           17.0.8+7-Ubuntu-122.04
26-Aug-2023 13:04:00.055 INFO [main] org.apache.catalina.startup.VersionLoggerListener.log JVM Vendor:            Private Build
26-Aug-2023 13:04:00.055 INFO [main] org.apache.catalina.startup.VersionLoggerListener.log CATALINA_BASE:         /home/harris/tomcat
26-Aug-2023 13:04:00.055 INFO [main] org.apache.catalina.startup.VersionLoggerListener.log CATALINA_HOME:         /home/harris/tomcat
26-Aug-2023 13:04:00.070 INFO [main] org.apache.catalina.startup.VersionLoggerListener.log Command line argument: -Djava.util.logging.config.file=/home/harris/tomcat/conf/logging.properties
26-Aug-2023 13:04:00.070 INFO [main] org.apache.catalina.startup.VersionLoggerListener.log Command line argument: -Djava.util.logging.manager=org.apache.juli.ClassLoaderLogManager
26-Aug-2023 13:04:00.070 INFO [main] org.apache.catalina.startup.VersionLoggerListener.log Command line argument: -Djdk.tls.ephemeralDHKeySize=2048
26-Aug-2023 13:04:00.070 INFO [main] org.apache.catalina.startup.VersionLoggerListener.log Command line argument: -Djava.protocol.handler.pkgs=org.apache.catalina.webresources
26-Aug-2023 13:04:00.070 INFO [main] org.apache.catalina.startup.VersionLoggerListener.log Command line argument: -Dorg.apache.catalina.security.SecurityListener.UMASK=0027
26-Aug-2023 13:04:00.070 INFO [main] org.apache.catalina.startup.VersionLoggerListener.log Command line argument: --add-opens=java.base/java.lang=ALL-UNNAMED
26-Aug-2023 13:04:00.070 INFO [main] org.apache.catalina.startup.VersionLoggerListener.log Command line argument: --add-opens=java.base/java.io=ALL-UNNAMED
26-Aug-2023 13:04:00.071 INFO [main] org.apache.catalina.startup.VersionLoggerListener.log Command line argument: --add-opens=java.base/java.util=ALL-UNNAMED
26-Aug-2023 13:04:00.071 INFO [main] org.apache.catalina.startup.VersionLoggerListener.log Command line argument: --add-opens=java.base/java.util.concurrent=ALL-UNNAMED
26-Aug-2023 13:04:00.071 INFO [main] org.apache.catalina.startup.VersionLoggerListener.log Command line argument: --add-opens=java.rmi/sun.rmi.transport=ALL-UNNAMED
26-Aug-2023 13:04:00.071 INFO [main] org.apache.catalina.startup.VersionLoggerListener.log Command line argument: -Dcatalina.base=/home/harris/tomcat
26-Aug-2023 13:04:00.071 INFO [main] org.apache.catalina.startup.VersionLoggerListener.log Command line argument: -Dcatalina.home=/home/harris/tomcat
26-Aug-2023 13:04:00.071 INFO [main] org.apache.catalina.startup.VersionLoggerListener.log Command line argument: -Djava.io.tmpdir=/home/harris/tomcat/temp
26-Aug-2023 13:04:00.073 INFO [main] org.apache.catalina.core.AprLifecycleListener.lifecycleEvent The Apache Tomcat Native library which allows using OpenSSL was not found on the java.library.path: [/usr/java/packages/lib:/usr/lib/x86_64-linux-gnu/jni:/lib/x86_64-linux-gnu:/usr/lib/x86_64-linux-gnu:/usr/lib/jni:/lib:/usr/lib]
26-Aug-2023 13:04:00.398 INFO [main] org.apache.coyote.AbstractProtocol.init Initializing ProtocolHandler ["http-nio-8080"]
26-Aug-2023 13:04:00.422 INFO [main] org.apache.catalina.startup.Catalina.load Server initialization in [519] milliseconds
26-Aug-2023 13:04:00.463 INFO [main] org.apache.catalina.core.StandardService.startInternal Starting service [Catalina]
26-Aug-2023 13:04:00.463 INFO [main] org.apache.catalina.core.StandardEngine.startInternal Starting Servlet engine: [Apache Tomcat/10.1.11]
26-Aug-2023 13:04:00.472 INFO [main] org.apache.catalina.startup.HostConfig.deployDirectory Deploying web application directory [/home/harris/tomcat/webapps/ROOT]
26-Aug-2023 13:04:01.286 INFO [main] org.apache.jasper.servlet.TldScanner.scanJars At least one JAR was scanned for TLDs yet contained no TLDs. Enable debug logging for this logger for a complete list of JARs that were scanned but no TLDs were found in them. Skipping unneeded JARs during scanning can improve startup time and JSP compilation time.
26-Aug-2023 13:04:01.322 INFO [main] org.apache.catalina.startup.HostConfig.deployDirectory Deployment of web application directory [/home/harris/tomcat/webapps/ROOT] has finished in [850] ms
26-Aug-2023 13:04:01.325 INFO [main] org.apache.coyote.AbstractProtocol.start Starting ProtocolHandler ["http-nio-8080"]
26-Aug-2023 13:04:01.335 INFO [main] org.apache.catalina.startup.Catalina.start Server startup in [912] milliseconds
26-Aug-2023 13:21:22.873 INFO [main] org.apache.catalina.core.StandardServer.await A valid shutdown command was received via the shutdown port. Stopping the Server instance.
26-Aug-2023 13:21:22.916 INFO [main] org.apache.coyote.AbstractProtocol.pause Pausing ProtocolHandler ["http-nio-8080"]
26-Aug-2023 13:21:22.920 INFO [main] org.apache.catalina.core.StandardService.stopInternal Stopping service [Catalina]
26-Aug-2023 13:21:22.943 WARNING [main] org.apache.catalina.loader.WebappClassLoaderBase.clearReferencesJdbc The web application [ROOT] registered the JDBC driver [org.postgresql.Driver] but failed to unregister it when the web application was stopped. To prevent a memory leak, the JDBC Driver has been forcibly unregistered.
26-Aug-2023 13:21:22.952 INFO [main] org.apache.coyote.AbstractProtocol.stop Stopping ProtocolHandler ["http-nio-8080"]
26-Aug-2023 13:21:22.964 INFO [main] org.apache.coyote.AbstractProtocol.destroy Destroying ProtocolHandler ["http-nio-8080"]
26-Aug-2023 13:21:24.505 INFO [main] org.apache.catalina.startup.VersionLoggerListener.log Server version name:   Apache Tomcat/10.1.11
26-Aug-2023 13:21:24.509 INFO [main] org.apache.catalina.startup.VersionLoggerListener.log Server built:          Jul 6 2023 13:45:39 UTC
26-Aug-2023 13:21:24.509 INFO [main] org.apache.catalina.startup.VersionLoggerListener.log Server version number: 10.1.11.0
26-Aug-2023 13:21:24.509 INFO [main] org.apache.catalina.startup.VersionLoggerListener.log OS Name:               Linux
26-Aug-2023 13:21:24.509 INFO [main] org.apache.catalina.startup.VersionLoggerListener.log OS Version:            6.2.0-26-generic
26-Aug-2023 13:21:24.509 INFO [main] org.apache.catalina.startup.VersionLoggerListener.log Architecture:          amd64
26-Aug-2023 13:21:24.510 INFO [main] org.apache.catalina.startup.VersionLoggerListener.log Java Home:             /usr/lib/jvm/java-17-openjdk-amd64
26-Aug-2023 13:21:24.510 INFO [main] org.apache.catalina.startup.VersionLoggerListener.log JVM Version:           17.0.8+7-Ubuntu-122.04
26-Aug-2023 13:21:24.510 INFO [main] org.apache.catalina.startup.VersionLoggerListener.log JVM Vendor:            Private Build
26-Aug-2023 13:21:24.510 INFO [main] org.apache.catalina.startup.VersionLoggerListener.log CATALINA_BASE:         /home/harris/tomcat
26-Aug-2023 13:21:24.510 INFO [main] org.apache.catalina.startup.VersionLoggerListener.log CATALINA_HOME:         /home/harris/tomcat
26-Aug-2023 13:21:24.589 INFO [main] org.apache.catalina.startup.VersionLoggerListener.log Command line argument: -Djava.util.logging.config.file=/home/harris/tomcat/conf/logging.properties
26-Aug-2023 13:21:24.589 INFO [main] org.apache.catalina.startup.VersionLoggerListener.log Command line argument: -Djava.util.logging.manager=org.apache.juli.ClassLoaderLogManager
26-Aug-2023 13:21:24.590 INFO [main] org.apache.catalina.startup.VersionLoggerListener.log Command line argument: -Djdk.tls.ephemeralDHKeySize=2048
26-Aug-2023 13:21:24.591 INFO [main] org.apache.catalina.startup.VersionLoggerListener.log Command line argument: -Djava.protocol.handler.pkgs=org.apache.catalina.webresources
26-Aug-2023 13:21:24.591 INFO [main] org.apache.catalina.startup.VersionLoggerListener.log Command line argument: -Dorg.apache.catalina.security.SecurityListener.UMASK=0027
26-Aug-2023 13:21:24.592 INFO [main] org.apache.catalina.startup.VersionLoggerListener.log Command line argument: --add-opens=java.base/java.lang=ALL-UNNAMED
26-Aug-2023 13:21:24.592 INFO [main] org.apache.catalina.startup.VersionLoggerListener.log Command line argument: --add-opens=java.base/java.io=ALL-UNNAMED
26-Aug-2023 13:21:24.593 INFO [main] org.apache.catalina.startup.VersionLoggerListener.log Command line argument: --add-opens=java.base/java.util=ALL-UNNAMED
26-Aug-2023 13:21:24.593 INFO [main] org.apache.catalina.startup.VersionLoggerListener.log Command line argument: --add-opens=java.base/java.util.concurrent=ALL-UNNAMED
26-Aug-2023 13:21:24.594 INFO [main] org.apache.catalina.startup.VersionLoggerListener.log Command line argument: --add-opens=java.rmi/sun.rmi.transport=ALL-UNNAMED
26-Aug-2023 13:21:24.594 INFO [main] org.apache.catalina.startup.VersionLoggerListener.log Command line argument: -Dcatalina.base=/home/harris/tomcat
26-Aug-2023 13:21:24.595 INFO [main] org.apache.catalina.startup.VersionLoggerListener.log Command line argument: -Dcatalina.home=/home/harris/tomcat
26-Aug-2023 13:21:24.597 INFO [main] org.apache.catalina.startup.VersionLoggerListener.log Command line argument: -Djava.io.tmpdir=/home/harris/tomcat/temp
26-Aug-2023 13:21:24.603 INFO [main] org.apache.catalina.core.AprLifecycleListener.lifecycleEvent The Apache Tomcat Native library which allows using OpenSSL was not found on the java.library.path: [/usr/java/packages/lib:/usr/lib/x86_64-linux-gnu/jni:/lib/x86_64-linux-gnu:/usr/lib/x86_64-linux-gnu:/usr/lib/jni:/lib:/usr/lib]
26-Aug-2023 13:21:24.946 INFO [main] org.apache.coyote.AbstractProtocol.init Initializing ProtocolHandler ["http-nio-8080"]
26-Aug-2023 13:21:24.985 INFO [main] org.apache.catalina.startup.Catalina.load Server initialization in [709] milliseconds
26-Aug-2023 13:21:25.025 INFO [main] org.apache.catalina.core.StandardService.startInternal Starting service [Catalina]
26-Aug-2023 13:21:25.025 INFO [main] org.apache.catalina.core.StandardEngine.startInternal Starting Servlet engine: [Apache Tomcat/10.1.11]
26-Aug-2023 13:21:25.040 INFO [main] org.apache.catalina.startup.HostConfig.deployDirectory Deploying web application directory [/home/harris/tomcat/webapps/ROOT]
26-Aug-2023 13:21:25.920 INFO [main] org.apache.jasper.servlet.TldScanner.scanJars At least one JAR was scanned for TLDs yet contained no TLDs. Enable debug logging for this logger for a complete list of JARs that were scanned but no TLDs were found in them. Skipping unneeded JARs during scanning can improve startup time and JSP compilation time.
26-Aug-2023 13:21:25.958 INFO [main] org.apache.catalina.startup.HostConfig.deployDirectory Deployment of web application directory [/home/harris/tomcat/webapps/ROOT] has finished in [917] ms
26-Aug-2023 13:21:25.961 INFO [main] org.apache.coyote.AbstractProtocol.start Starting ProtocolHandler ["http-nio-8080"]
26-Aug-2023 13:21:25.970 INFO [main] org.apache.catalina.startup.Catalina.start Server startup in [985] milliseconds
26-Aug-2023 13:27:25.450 INFO [main] org.apache.catalina.core.StandardServer.await A valid shutdown command was received via the shutdown port. Stopping the Server instance.
26-Aug-2023 13:27:25.451 INFO [main] org.apache.coyote.AbstractProtocol.pause Pausing ProtocolHandler ["http-nio-8080"]
26-Aug-2023 13:27:25.453 INFO [main] org.apache.catalina.core.StandardService.stopInternal Stopping service [Catalina]
26-Aug-2023 13:27:25.460 WARNING [main] org.apache.catalina.loader.WebappClassLoaderBase.clearReferencesJdbc The web application [ROOT] registered the JDBC driver [org.postgresql.Driver] but failed to unregister it when the web application was stopped. To prevent a memory leak, the JDBC Driver has been forcibly unregistered.
26-Aug-2023 13:27:25.467 INFO [main] org.apache.coyote.AbstractProtocol.stop Stopping ProtocolHandler ["http-nio-8080"]
26-Aug-2023 13:27:25.475 INFO [main] org.apache.coyote.AbstractProtocol.destroy Destroying ProtocolHandler ["http-nio-8080"]
26-Aug-2023 13:27:27.176 INFO [main] org.apache.catalina.startup.VersionLoggerListener.log Server version name:   Apache Tomcat/10.1.11
26-Aug-2023 13:27:27.180 INFO [main] org.apache.catalina.startup.VersionLoggerListener.log Server built:          Jul 6 2023 13:45:39 UTC
26-Aug-2023 13:27:27.181 INFO [main] org.apache.catalina.startup.VersionLoggerListener.log Server version number: 10.1.11.0
26-Aug-2023 13:27:27.181 INFO [main] org.apache.catalina.startup.VersionLoggerListener.log OS Name:               Linux
26-Aug-2023 13:27:27.181 INFO [main] org.apache.catalina.startup.VersionLoggerListener.log OS Version:            6.2.0-26-generic
26-Aug-2023 13:27:27.181 INFO [main] org.apache.catalina.startup.VersionLoggerListener.log Architecture:          amd64
26-Aug-2023 13:27:27.181 INFO [main] org.apache.catalina.startup.VersionLoggerListener.log Java Home:             /usr/lib/jvm/java-17-openjdk-amd64
26-Aug-2023 13:27:27.181 INFO [main] org.apache.catalina.startup.VersionLoggerListener.log JVM Version:           17.0.8+7-Ubuntu-122.04
26-Aug-2023 13:27:27.182 INFO [main] org.apache.catalina.startup.VersionLoggerListener.log JVM Vendor:            Private Build
26-Aug-2023 13:27:27.182 INFO [main] org.apache.catalina.startup.VersionLoggerListener.log CATALINA_BASE:         /home/harris/tomcat
26-Aug-2023 13:27:27.182 INFO [main] org.apache.catalina.startup.VersionLoggerListener.log CATALINA_HOME:         /home/harris/tomcat
26-Aug-2023 13:27:27.196 INFO [main] org.apache.catalina.startup.VersionLoggerListener.log Command line argument: -Djava.util.logging.config.file=/home/harris/tomcat/conf/logging.properties
26-Aug-2023 13:27:27.196 INFO [main] org.apache.catalina.startup.VersionLoggerListener.log Command line argument: -Djava.util.logging.manager=org.apache.juli.ClassLoaderLogManager
26-Aug-2023 13:27:27.198 INFO [main] org.apache.catalina.startup.VersionLoggerListener.log Command line argument: -Djdk.tls.ephemeralDHKeySize=2048
26-Aug-2023 13:27:27.198 INFO [main] org.apache.catalina.startup.VersionLoggerListener.log Command line argument: -Djava.protocol.handler.pkgs=org.apache.catalina.webresources
26-Aug-2023 13:27:27.198 INFO [main] org.apache.catalina.startup.VersionLoggerListener.log Command line argument: -Dorg.apache.catalina.security.SecurityListener.UMASK=0027
26-Aug-2023 13:27:27.198 INFO [main] org.apache.catalina.startup.VersionLoggerListener.log Command line argument: --add-opens=java.base/java.lang=ALL-UNNAMED
26-Aug-2023 13:27:27.199 INFO [main] org.apache.catalina.startup.VersionLoggerListener.log Command line argument: --add-opens=java.base/java.io=ALL-UNNAMED
26-Aug-2023 13:27:27.199 INFO [main] org.apache.catalina.startup.VersionLoggerListener.log Command line argument: --add-opens=java.base/java.util=ALL-UNNAMED
26-Aug-2023 13:27:27.200 INFO [main] org.apache.catalina.startup.VersionLoggerListener.log Command line argument: --add-opens=java.base/java.util.concurrent=ALL-UNNAMED
26-Aug-2023 13:27:27.200 INFO [main] org.apache.catalina.startup.VersionLoggerListener.log Command line argument: --add-opens=java.rmi/sun.rmi.transport=ALL-UNNAMED
26-Aug-2023 13:27:27.200 INFO [main] org.apache.catalina.startup.VersionLoggerListener.log Command line argument: -Dcatalina.base=/home/harris/tomcat
26-Aug-2023 13:27:27.200 INFO [main] org.apache.catalina.startup.VersionLoggerListener.log Command line argument: -Dcatalina.home=/home/harris/tomcat
26-Aug-2023 13:27:27.200 INFO [main] org.apache.catalina.startup.VersionLoggerListener.log Command line argument: -Djava.io.tmpdir=/home/harris/tomcat/temp
26-Aug-2023 13:27:27.202 INFO [main] org.apache.catalina.core.AprLifecycleListener.lifecycleEvent The Apache Tomcat Native library which allows using OpenSSL was not found on the java.library.path: [/usr/java/packages/lib:/usr/lib/x86_64-linux-gnu/jni:/lib/x86_64-linux-gnu:/usr/lib/x86_64-linux-gnu:/usr/lib/jni:/lib:/usr/lib]
26-Aug-2023 13:27:27.436 INFO [main] org.apache.coyote.AbstractProtocol.init Initializing ProtocolHandler ["http-nio-8080"]
26-Aug-2023 13:27:27.452 INFO [main] org.apache.catalina.startup.Catalina.load Server initialization in [450] milliseconds
26-Aug-2023 13:27:27.481 INFO [main] org.apache.catalina.core.StandardService.startInternal Starting service [Catalina]
26-Aug-2023 13:27:27.482 INFO [main] org.apache.catalina.core.StandardEngine.startInternal Starting Servlet engine: [Apache Tomcat/10.1.11]
26-Aug-2023 13:27:27.488 INFO [main] org.apache.catalina.startup.HostConfig.deployDirectory Deploying web application directory [/home/harris/tomcat/webapps/ROOT]
26-Aug-2023 13:27:28.333 INFO [main] org.apache.jasper.servlet.TldScanner.scanJars At least one JAR was scanned for TLDs yet contained no TLDs. Enable debug logging for this logger for a complete list of JARs that were scanned but no TLDs were found in them. Skipping unneeded JARs during scanning can improve startup time and JSP compilation time.
26-Aug-2023 13:27:28.372 INFO [main] org.apache.catalina.startup.HostConfig.deployDirectory Deployment of web application directory [/home/harris/tomcat/webapps/ROOT] has finished in [883] ms
26-Aug-2023 13:27:28.375 INFO [main] org.apache.coyote.AbstractProtocol.start Starting ProtocolHandler ["http-nio-8080"]
26-Aug-2023 13:27:28.386 INFO [main] org.apache.catalina.startup.Catalina.start Server startup in [933] milliseconds
26-Aug-2023 13:28:43.524 INFO [main] org.apache.catalina.core.StandardServer.await A valid shutdown command was received via the shutdown port. Stopping the Server instance.
26-Aug-2023 13:28:43.525 INFO [main] org.apache.coyote.AbstractProtocol.pause Pausing ProtocolHandler ["http-nio-8080"]
26-Aug-2023 13:28:43.527 INFO [main] org.apache.catalina.core.StandardService.stopInternal Stopping service [Catalina]
26-Aug-2023 13:28:43.531 WARNING [main] org.apache.catalina.loader.WebappClassLoaderBase.clearReferencesJdbc The web application [ROOT] registered the JDBC driver [org.postgresql.Driver] but failed to unregister it when the web application was stopped. To prevent a memory leak, the JDBC Driver has been forcibly unregistered.
26-Aug-2023 13:28:43.537 INFO [main] org.apache.coyote.AbstractProtocol.stop Stopping ProtocolHandler ["http-nio-8080"]
26-Aug-2023 13:28:43.540 INFO [main] org.apache.coyote.AbstractProtocol.destroy Destroying ProtocolHandler ["http-nio-8080"]
26-Aug-2023 13:28:45.413 INFO [main] org.apache.catalina.startup.VersionLoggerListener.log Server version name:   Apache Tomcat/10.1.11
26-Aug-2023 13:28:45.428 INFO [main] org.apache.catalina.startup.VersionLoggerListener.log Server built:          Jul 6 2023 13:45:39 UTC
26-Aug-2023 13:28:45.428 INFO [main] org.apache.catalina.startup.VersionLoggerListener.log Server version number: 10.1.11.0
26-Aug-2023 13:28:45.428 INFO [main] org.apache.catalina.startup.VersionLoggerListener.log OS Name:               Linux
26-Aug-2023 13:28:45.429 INFO [main] org.apache.catalina.startup.VersionLoggerListener.log OS Version:            6.2.0-26-generic
26-Aug-2023 13:28:45.429 INFO [main] org.apache.catalina.startup.VersionLoggerListener.log Architecture:          amd64
26-Aug-2023 13:28:45.430 INFO [main] org.apache.catalina.startup.VersionLoggerListener.log Java Home:             /usr/lib/jvm/java-17-openjdk-amd64
26-Aug-2023 13:28:45.430 INFO [main] org.apache.catalina.startup.VersionLoggerListener.log JVM Version:           17.0.8+7-Ubuntu-122.04
26-Aug-2023 13:28:45.430 INFO [main] org.apache.catalina.startup.VersionLoggerListener.log JVM Vendor:            Private Build
26-Aug-2023 13:28:45.430 INFO [main] org.apache.catalina.startup.VersionLoggerListener.log CATALINA_BASE:         /home/harris/tomcat
26-Aug-2023 13:28:45.430 INFO [main] org.apache.catalina.startup.VersionLoggerListener.log CATALINA_HOME:         /home/harris/tomcat
26-Aug-2023 13:28:45.442 INFO [main] org.apache.catalina.startup.VersionLoggerListener.log Command line argument: -Djava.util.logging.config.file=/home/harris/tomcat/conf/logging.properties
26-Aug-2023 13:28:45.443 INFO [main] org.apache.catalina.startup.VersionLoggerListener.log Command line argument: -Djava.util.logging.manager=org.apache.juli.ClassLoaderLogManager
26-Aug-2023 13:28:45.443 INFO [main] org.apache.catalina.startup.VersionLoggerListener.log Command line argument: -Djdk.tls.ephemeralDHKeySize=2048
26-Aug-2023 13:28:45.443 INFO [main] org.apache.catalina.startup.VersionLoggerListener.log Command line argument: -Djava.protocol.handler.pkgs=org.apache.catalina.webresources
26-Aug-2023 13:28:45.451 INFO [main] org.apache.catalina.startup.VersionLoggerListener.log Command line argument: -Dorg.apache.catalina.security.SecurityListener.UMASK=0027
26-Aug-2023 13:28:45.451 INFO [main] org.apache.catalina.startup.VersionLoggerListener.log Command line argument: --add-opens=java.base/java.lang=ALL-UNNAMED
26-Aug-2023 13:28:45.451 INFO [main] org.apache.catalina.startup.VersionLoggerListener.log Command line argument: --add-opens=java.base/java.io=ALL-UNNAMED
26-Aug-2023 13:28:45.452 INFO [main] org.apache.catalina.startup.VersionLoggerListener.log Command line argument: --add-opens=java.base/java.util=ALL-UNNAMED
26-Aug-2023 13:28:45.452 INFO [main] org.apache.catalina.startup.VersionLoggerListener.log Command line argument: --add-opens=java.base/java.util.concurrent=ALL-UNNAMED
26-Aug-2023 13:28:45.454 INFO [main] org.apache.catalina.startup.VersionLoggerListener.log Command line argument: --add-opens=java.rmi/sun.rmi.transport=ALL-UNNAMED
26-Aug-2023 13:28:45.454 INFO [main] org.apache.catalina.startup.VersionLoggerListener.log Command line argument: -Dcatalina.base=/home/harris/tomcat
26-Aug-2023 13:28:45.454 INFO [main] org.apache.catalina.startup.VersionLoggerListener.log Command line argument: -Dcatalina.home=/home/harris/tomcat
26-Aug-2023 13:28:45.454 INFO [main] org.apache.catalina.startup.VersionLoggerListener.log Command line argument: -Djava.io.tmpdir=/home/harris/tomcat/temp
26-Aug-2023 13:28:45.456 INFO [main] org.apache.catalina.core.AprLifecycleListener.lifecycleEvent The Apache Tomcat Native library which allows using OpenSSL was not found on the java.library.path: [/usr/java/packages/lib:/usr/lib/x86_64-linux-gnu/jni:/lib/x86_64-linux-gnu:/usr/lib/x86_64-linux-gnu:/usr/lib/jni:/lib:/usr/lib]
26-Aug-2023 13:28:45.734 INFO [main] org.apache.coyote.AbstractProtocol.init Initializing ProtocolHandler ["http-nio-8080"]
26-Aug-2023 13:28:45.753 INFO [main] org.apache.catalina.startup.Catalina.load Server initialization in [529] milliseconds
26-Aug-2023 13:28:45.783 INFO [main] org.apache.catalina.core.StandardService.startInternal Starting service [Catalina]
26-Aug-2023 13:28:45.784 INFO [main] org.apache.catalina.core.StandardEngine.startInternal Starting Servlet engine: [Apache Tomcat/10.1.11]
26-Aug-2023 13:28:45.791 INFO [main] org.apache.catalina.startup.HostConfig.deployDirectory Deploying web application directory [/home/harris/tomcat/webapps/ROOT]
26-Aug-2023 13:28:46.516 INFO [main] org.apache.jasper.servlet.TldScanner.scanJars At least one JAR was scanned for TLDs yet contained no TLDs. Enable debug logging for this logger for a complete list of JARs that were scanned but no TLDs were found in them. Skipping unneeded JARs during scanning can improve startup time and JSP compilation time.
26-Aug-2023 13:28:46.557 INFO [main] org.apache.catalina.startup.HostConfig.deployDirectory Deployment of web application directory [/home/harris/tomcat/webapps/ROOT] has finished in [765] ms
26-Aug-2023 13:28:46.560 INFO [main] org.apache.coyote.AbstractProtocol.start Starting ProtocolHandler ["http-nio-8080"]
26-Aug-2023 13:28:46.571 INFO [main] org.apache.catalina.startup.Catalina.start Server startup in [817] milliseconds
26-Aug-2023 13:29:22.757 INFO [main] org.apache.catalina.core.StandardServer.await A valid shutdown command was received via the shutdown port. Stopping the Server instance.
26-Aug-2023 13:29:22.759 INFO [main] org.apache.coyote.AbstractProtocol.pause Pausing ProtocolHandler ["http-nio-8080"]
26-Aug-2023 13:29:22.761 INFO [main] org.apache.catalina.core.StandardService.stopInternal Stopping service [Catalina]
26-Aug-2023 13:29:22.777 INFO [main] org.apache.coyote.AbstractProtocol.stop Stopping ProtocolHandler ["http-nio-8080"]
26-Aug-2023 13:29:22.784 INFO [main] org.apache.coyote.AbstractProtocol.destroy Destroying ProtocolHandler ["http-nio-8080"]
26-Aug-2023 13:29:28.076 INFO [main] org.apache.catalina.startup.VersionLoggerListener.log Server version name:   Apache Tomcat/10.1.11
26-Aug-2023 13:29:28.081 INFO [main] org.apache.catalina.startup.VersionLoggerListener.log Server built:          Jul 6 2023 13:45:39 UTC
26-Aug-2023 13:29:28.081 INFO [main] org.apache.catalina.startup.VersionLoggerListener.log Server version number: 10.1.11.0
26-Aug-2023 13:29:28.081 INFO [main] org.apache.catalina.startup.VersionLoggerListener.log OS Name:               Linux
26-Aug-2023 13:29:28.082 INFO [main] org.apache.catalina.startup.VersionLoggerListener.log OS Version:            6.2.0-26-generic
26-Aug-2023 13:29:28.082 INFO [main] org.apache.catalina.startup.VersionLoggerListener.log Architecture:          amd64
26-Aug-2023 13:29:28.082 INFO [main] org.apache.catalina.startup.VersionLoggerListener.log Java Home:             /usr/lib/jvm/java-17-openjdk-amd64
26-Aug-2023 13:29:28.082 INFO [main] org.apache.catalina.startup.VersionLoggerListener.log JVM Version:           17.0.8+7-Ubuntu-122.04
26-Aug-2023 13:29:28.082 INFO [main] org.apache.catalina.startup.VersionLoggerListener.log JVM Vendor:            Private Build
26-Aug-2023 13:29:28.082 INFO [main] org.apache.catalina.startup.VersionLoggerListener.log CATALINA_BASE:         /home/harris/tomcat
26-Aug-2023 13:29:28.082 INFO [main] org.apache.catalina.startup.VersionLoggerListener.log CATALINA_HOME:         /home/harris/tomcat
26-Aug-2023 13:29:28.095 INFO [main] org.apache.catalina.startup.VersionLoggerListener.log Command line argument: -Djava.util.logging.config.file=/home/harris/tomcat/conf/logging.properties
26-Aug-2023 13:29:28.095 INFO [main] org.apache.catalina.startup.VersionLoggerListener.log Command line argument: -Djava.util.logging.manager=org.apache.juli.ClassLoaderLogManager
26-Aug-2023 13:29:28.095 INFO [main] org.apache.catalina.startup.VersionLoggerListener.log Command line argument: -Djdk.tls.ephemeralDHKeySize=2048
26-Aug-2023 13:29:28.095 INFO [main] org.apache.catalina.startup.VersionLoggerListener.log Command line argument: -Djava.protocol.handler.pkgs=org.apache.catalina.webresources
26-Aug-2023 13:29:28.095 INFO [main] org.apache.catalina.startup.VersionLoggerListener.log Command line argument: -Dorg.apache.catalina.security.SecurityListener.UMASK=0027
26-Aug-2023 13:29:28.096 INFO [main] org.apache.catalina.startup.VersionLoggerListener.log Command line argument: --add-opens=java.base/java.lang=ALL-UNNAMED
26-Aug-2023 13:29:28.096 INFO [main] org.apache.catalina.startup.VersionLoggerListener.log Command line argument: --add-opens=java.base/java.io=ALL-UNNAMED
26-Aug-2023 13:29:28.096 INFO [main] org.apache.catalina.startup.VersionLoggerListener.log Command line argument: --add-opens=java.base/java.util=ALL-UNNAMED
26-Aug-2023 13:29:28.096 INFO [main] org.apache.catalina.startup.VersionLoggerListener.log Command line argument: --add-opens=java.base/java.util.concurrent=ALL-UNNAMED
26-Aug-2023 13:29:28.096 INFO [main] org.apache.catalina.startup.VersionLoggerListener.log Command line argument: --add-opens=java.rmi/sun.rmi.transport=ALL-UNNAMED
26-Aug-2023 13:29:28.096 INFO [main] org.apache.catalina.startup.VersionLoggerListener.log Command line argument: -Dcatalina.base=/home/harris/tomcat
26-Aug-2023 13:29:28.096 INFO [main] org.apache.catalina.startup.VersionLoggerListener.log Command line argument: -Dcatalina.home=/home/harris/tomcat
26-Aug-2023 13:29:28.096 INFO [main] org.apache.catalina.startup.VersionLoggerListener.log Command line argument: -Djava.io.tmpdir=/home/harris/tomcat/temp
26-Aug-2023 13:29:28.098 INFO [main] org.apache.catalina.core.AprLifecycleListener.lifecycleEvent The Apache Tomcat Native library which allows using OpenSSL was not found on the java.library.path: [/usr/java/packages/lib:/usr/lib/x86_64-linux-gnu/jni:/lib/x86_64-linux-gnu:/usr/lib/x86_64-linux-gnu:/usr/lib/jni:/lib:/usr/lib]
26-Aug-2023 13:29:28.347 INFO [main] org.apache.coyote.AbstractProtocol.init Initializing ProtocolHandler ["http-nio-8080"]
26-Aug-2023 13:29:28.372 INFO [main] org.apache.catalina.startup.Catalina.load Server initialization in [472] milliseconds
26-Aug-2023 13:29:28.408 INFO [main] org.apache.catalina.core.StandardService.startInternal Starting service [Catalina]
26-Aug-2023 13:29:28.408 INFO [main] org.apache.catalina.core.StandardEngine.startInternal Starting Servlet engine: [Apache Tomcat/10.1.11]
26-Aug-2023 13:29:28.417 INFO [main] org.apache.catalina.startup.HostConfig.deployDirectory Deploying web application directory [/home/harris/tomcat/webapps/ROOT]
26-Aug-2023 13:29:29.081 INFO [main] org.apache.jasper.servlet.TldScanner.scanJars At least one JAR was scanned for TLDs yet contained no TLDs. Enable debug logging for this logger for a complete list of JARs that were scanned but no TLDs were found in them. Skipping unneeded JARs during scanning can improve startup time and JSP compilation time.
26-Aug-2023 13:29:29.117 INFO [main] org.apache.catalina.startup.HostConfig.deployDirectory Deployment of web application directory [/home/harris/tomcat/webapps/ROOT] has finished in [699] ms
26-Aug-2023 13:29:29.120 INFO [main] org.apache.coyote.AbstractProtocol.start Starting ProtocolHandler ["http-nio-8080"]
26-Aug-2023 13:29:29.131 INFO [main] org.apache.catalina.startup.Catalina.start Server startup in [758] milliseconds
26-Aug-2023 13:34:02.488 INFO [main] org.apache.catalina.core.StandardServer.await A valid shutdown command was received via the shutdown port. Stopping the Server instance.
26-Aug-2023 13:34:02.489 INFO [main] org.apache.coyote.AbstractProtocol.pause Pausing ProtocolHandler ["http-nio-8080"]
26-Aug-2023 13:34:02.490 INFO [main] org.apache.catalina.core.StandardService.stopInternal Stopping service [Catalina]
26-Aug-2023 13:34:02.496 WARNING [main] org.apache.catalina.loader.WebappClassLoaderBase.clearReferencesJdbc The web application [ROOT] registered the JDBC driver [org.postgresql.Driver] but failed to unregister it when the web application was stopped. To prevent a memory leak, the JDBC Driver has been forcibly unregistered.
26-Aug-2023 13:34:02.501 INFO [main] org.apache.coyote.AbstractProtocol.stop Stopping ProtocolHandler ["http-nio-8080"]
26-Aug-2023 13:34:02.513 INFO [main] org.apache.coyote.AbstractProtocol.destroy Destroying ProtocolHandler ["http-nio-8080"]
26-Aug-2023 13:34:03.956 INFO [main] org.apache.catalina.startup.VersionLoggerListener.log Server version name:   Apache Tomcat/10.1.11
26-Aug-2023 13:34:03.960 INFO [main] org.apache.catalina.startup.VersionLoggerListener.log Server built:          Jul 6 2023 13:45:39 UTC
26-Aug-2023 13:34:03.961 INFO [main] org.apache.catalina.startup.VersionLoggerListener.log Server version number: 10.1.11.0
26-Aug-2023 13:34:03.961 INFO [main] org.apache.catalina.startup.VersionLoggerListener.log OS Name:               Linux
26-Aug-2023 13:34:03.961 INFO [main] org.apache.catalina.startup.VersionLoggerListener.log OS Version:            6.2.0-26-generic
26-Aug-2023 13:34:03.961 INFO [main] org.apache.catalina.startup.VersionLoggerListener.log Architecture:          amd64
26-Aug-2023 13:34:03.962 INFO [main] org.apache.catalina.startup.VersionLoggerListener.log Java Home:             /usr/lib/jvm/java-17-openjdk-amd64
26-Aug-2023 13:34:03.962 INFO [main] org.apache.catalina.startup.VersionLoggerListener.log JVM Version:           17.0.8+7-Ubuntu-122.04
26-Aug-2023 13:34:03.962 INFO [main] org.apache.catalina.startup.VersionLoggerListener.log JVM Vendor:            Private Build
26-Aug-2023 13:34:03.962 INFO [main] org.apache.catalina.startup.VersionLoggerListener.log CATALINA_BASE:         /home/harris/tomcat
26-Aug-2023 13:34:03.962 INFO [main] org.apache.catalina.startup.VersionLoggerListener.log CATALINA_HOME:         /home/harris/tomcat
26-Aug-2023 13:34:03.978 INFO [main] org.apache.catalina.startup.VersionLoggerListener.log Command line argument: -Djava.util.logging.config.file=/home/harris/tomcat/conf/logging.properties
26-Aug-2023 13:34:03.978 INFO [main] org.apache.catalina.startup.VersionLoggerListener.log Command line argument: -Djava.util.logging.manager=org.apache.juli.ClassLoaderLogManager
26-Aug-2023 13:34:03.978 INFO [main] org.apache.catalina.startup.VersionLoggerListener.log Command line argument: -Djdk.tls.ephemeralDHKeySize=2048
26-Aug-2023 13:34:03.979 INFO [main] org.apache.catalina.startup.VersionLoggerListener.log Command line argument: -Djava.protocol.handler.pkgs=org.apache.catalina.webresources
26-Aug-2023 13:34:03.979 INFO [main] org.apache.catalina.startup.VersionLoggerListener.log Command line argument: -Dorg.apache.catalina.security.SecurityListener.UMASK=0027
26-Aug-2023 13:34:03.979 INFO [main] org.apache.catalina.startup.VersionLoggerListener.log Command line argument: --add-opens=java.base/java.lang=ALL-UNNAMED
26-Aug-2023 13:34:03.979 INFO [main] org.apache.catalina.startup.VersionLoggerListener.log Command line argument: --add-opens=java.base/java.io=ALL-UNNAMED
26-Aug-2023 13:34:03.979 INFO [main] org.apache.catalina.startup.VersionLoggerListener.log Command line argument: --add-opens=java.base/java.util=ALL-UNNAMED
26-Aug-2023 13:34:03.980 INFO [main] org.apache.catalina.startup.VersionLoggerListener.log Command line argument: --add-opens=java.base/java.util.concurrent=ALL-UNNAMED
26-Aug-2023 13:34:03.981 INFO [main] org.apache.catalina.startup.VersionLoggerListener.log Command line argument: --add-opens=java.rmi/sun.rmi.transport=ALL-UNNAMED
26-Aug-2023 13:34:03.981 INFO [main] org.apache.catalina.startup.VersionLoggerListener.log Command line argument: -Dcatalina.base=/home/harris/tomcat
26-Aug-2023 13:34:03.981 INFO [main] org.apache.catalina.startup.VersionLoggerListener.log Command line argument: -Dcatalina.home=/home/harris/tomcat
26-Aug-2023 13:34:03.982 INFO [main] org.apache.catalina.startup.VersionLoggerListener.log Command line argument: -Djava.io.tmpdir=/home/harris/tomcat/temp
26-Aug-2023 13:34:03.983 INFO [main] org.apache.catalina.core.AprLifecycleListener.lifecycleEvent The Apache Tomcat Native library which allows using OpenSSL was not found on the java.library.path: [/usr/java/packages/lib:/usr/lib/x86_64-linux-gnu/jni:/lib/x86_64-linux-gnu:/usr/lib/x86_64-linux-gnu:/usr/lib/jni:/lib:/usr/lib]
26-Aug-2023 13:34:04.258 INFO [main] org.apache.coyote.AbstractProtocol.init Initializing ProtocolHandler ["http-nio-8080"]
26-Aug-2023 13:34:04.288 INFO [main] org.apache.catalina.startup.Catalina.load Server initialization in [494] milliseconds
26-Aug-2023 13:34:04.328 INFO [main] org.apache.catalina.core.StandardService.startInternal Starting service [Catalina]
26-Aug-2023 13:34:04.328 INFO [main] org.apache.catalina.core.StandardEngine.startInternal Starting Servlet engine: [Apache Tomcat/10.1.11]
26-Aug-2023 13:34:04.338 INFO [main] org.apache.catalina.startup.HostConfig.deployDirectory Deploying web application directory [/home/harris/tomcat/webapps/ROOT]
26-Aug-2023 13:34:05.047 INFO [main] org.apache.jasper.servlet.TldScanner.scanJars At least one JAR was scanned for TLDs yet contained no TLDs. Enable debug logging for this logger for a complete list of JARs that were scanned but no TLDs were found in them. Skipping unneeded JARs during scanning can improve startup time and JSP compilation time.
26-Aug-2023 13:34:05.090 INFO [main] org.apache.catalina.startup.HostConfig.deployDirectory Deployment of web application directory [/home/harris/tomcat/webapps/ROOT] has finished in [751] ms
26-Aug-2023 13:34:05.093 INFO [main] org.apache.coyote.AbstractProtocol.start Starting ProtocolHandler ["http-nio-8080"]
26-Aug-2023 13:34:05.106 INFO [main] org.apache.catalina.startup.Catalina.start Server startup in [817] milliseconds
26-Aug-2023 13:42:09.733 INFO [main] org.apache.catalina.core.StandardServer.await A valid shutdown command was received via the shutdown port. Stopping the Server instance.
26-Aug-2023 13:42:09.734 INFO [main] org.apache.coyote.AbstractProtocol.pause Pausing ProtocolHandler ["http-nio-8080"]
26-Aug-2023 13:42:09.735 INFO [main] org.apache.catalina.core.StandardService.stopInternal Stopping service [Catalina]
26-Aug-2023 13:42:09.742 WARNING [main] org.apache.catalina.loader.WebappClassLoaderBase.clearReferencesJdbc The web application [ROOT] registered the JDBC driver [org.postgresql.Driver] but failed to unregister it when the web application was stopped. To prevent a memory leak, the JDBC Driver has been forcibly unregistered.
26-Aug-2023 13:42:09.752 INFO [main] org.apache.coyote.AbstractProtocol.stop Stopping ProtocolHandler ["http-nio-8080"]
26-Aug-2023 13:42:09.766 INFO [main] org.apache.coyote.AbstractProtocol.destroy Destroying ProtocolHandler ["http-nio-8080"]
26-Aug-2023 13:42:11.187 INFO [main] org.apache.catalina.startup.VersionLoggerListener.log Server version name:   Apache Tomcat/10.1.11
26-Aug-2023 13:42:11.191 INFO [main] org.apache.catalina.startup.VersionLoggerListener.log Server built:          Jul 6 2023 13:45:39 UTC
26-Aug-2023 13:42:11.191 INFO [main] org.apache.catalina.startup.VersionLoggerListener.log Server version number: 10.1.11.0
26-Aug-2023 13:42:11.191 INFO [main] org.apache.catalina.startup.VersionLoggerListener.log OS Name:               Linux
26-Aug-2023 13:42:11.192 INFO [main] org.apache.catalina.startup.VersionLoggerListener.log OS Version:            6.2.0-26-generic
26-Aug-2023 13:42:11.192 INFO [main] org.apache.catalina.startup.VersionLoggerListener.log Architecture:          amd64
26-Aug-2023 13:42:11.192 INFO [main] org.apache.catalina.startup.VersionLoggerListener.log Java Home:             /usr/lib/jvm/java-17-openjdk-amd64
26-Aug-2023 13:42:11.192 INFO [main] org.apache.catalina.startup.VersionLoggerListener.log JVM Version:           17.0.8+7-Ubuntu-122.04
26-Aug-2023 13:42:11.192 INFO [main] org.apache.catalina.startup.VersionLoggerListener.log JVM Vendor:            Private Build
26-Aug-2023 13:42:11.193 INFO [main] org.apache.catalina.startup.VersionLoggerListener.log CATALINA_BASE:         /home/harris/tomcat
26-Aug-2023 13:42:11.193 INFO [main] org.apache.catalina.startup.VersionLoggerListener.log CATALINA_HOME:         /home/harris/tomcat
26-Aug-2023 13:42:11.202 INFO [main] org.apache.catalina.startup.VersionLoggerListener.log Command line argument: -Djava.util.logging.config.file=/home/harris/tomcat/conf/logging.properties
26-Aug-2023 13:42:11.207 INFO [main] org.apache.catalina.startup.VersionLoggerListener.log Command line argument: -Djava.util.logging.manager=org.apache.juli.ClassLoaderLogManager
26-Aug-2023 13:42:11.209 INFO [main] org.apache.catalina.startup.VersionLoggerListener.log Command line argument: -Djdk.tls.ephemeralDHKeySize=2048
26-Aug-2023 13:42:11.209 INFO [main] org.apache.catalina.startup.VersionLoggerListener.log Command line argument: -Djava.protocol.handler.pkgs=org.apache.catalina.webresources
26-Aug-2023 13:42:11.209 INFO [main] org.apache.catalina.startup.VersionLoggerListener.log Command line argument: -Dorg.apache.catalina.security.SecurityListener.UMASK=0027
26-Aug-2023 13:42:11.209 INFO [main] org.apache.catalina.startup.VersionLoggerListener.log Command line argument: --add-opens=java.base/java.lang=ALL-UNNAMED
26-Aug-2023 13:42:11.209 INFO [main] org.apache.catalina.startup.VersionLoggerListener.log Command line argument: --add-opens=java.base/java.io=ALL-UNNAMED
26-Aug-2023 13:42:11.209 INFO [main] org.apache.catalina.startup.VersionLoggerListener.log Command line argument: --add-opens=java.base/java.util=ALL-UNNAMED
26-Aug-2023 13:42:11.209 INFO [main] org.apache.catalina.startup.VersionLoggerListener.log Command line argument: --add-opens=java.base/java.util.concurrent=ALL-UNNAMED
26-Aug-2023 13:42:11.210 INFO [main] org.apache.catalina.startup.VersionLoggerListener.log Command line argument: --add-opens=java.rmi/sun.rmi.transport=ALL-UNNAMED
26-Aug-2023 13:42:11.210 INFO [main] org.apache.catalina.startup.VersionLoggerListener.log Command line argument: -Dcatalina.base=/home/harris/tomcat
26-Aug-2023 13:42:11.210 INFO [main] org.apache.catalina.startup.VersionLoggerListener.log Command line argument: -Dcatalina.home=/home/harris/tomcat
26-Aug-2023 13:42:11.210 INFO [main] org.apache.catalina.startup.VersionLoggerListener.log Command line argument: -Djava.io.tmpdir=/home/harris/tomcat/temp
26-Aug-2023 13:42:11.211 INFO [main] org.apache.catalina.core.AprLifecycleListener.lifecycleEvent The Apache Tomcat Native library which allows using OpenSSL was not found on the java.library.path: [/usr/java/packages/lib:/usr/lib/x86_64-linux-gnu/jni:/lib/x86_64-linux-gnu:/usr/lib/x86_64-linux-gnu:/usr/lib/jni:/lib:/usr/lib]
26-Aug-2023 13:42:11.445 INFO [main] org.apache.coyote.AbstractProtocol.init Initializing ProtocolHandler ["http-nio-8080"]
26-Aug-2023 13:42:11.467 INFO [main] org.apache.catalina.startup.Catalina.load Server initialization in [419] milliseconds
26-Aug-2023 13:42:11.504 INFO [main] org.apache.catalina.core.StandardService.startInternal Starting service [Catalina]
26-Aug-2023 13:42:11.504 INFO [main] org.apache.catalina.core.StandardEngine.startInternal Starting Servlet engine: [Apache Tomcat/10.1.11]
26-Aug-2023 13:42:11.514 INFO [main] org.apache.catalina.startup.HostConfig.deployDirectory Deploying web application directory [/home/harris/tomcat/webapps/ROOT]
26-Aug-2023 13:42:12.362 INFO [main] org.apache.jasper.servlet.TldScanner.scanJars At least one JAR was scanned for TLDs yet contained no TLDs. Enable debug logging for this logger for a complete list of JARs that were scanned but no TLDs were found in them. Skipping unneeded JARs during scanning can improve startup time and JSP compilation time.
26-Aug-2023 13:42:12.396 INFO [main] org.apache.catalina.startup.HostConfig.deployDirectory Deployment of web application directory [/home/harris/tomcat/webapps/ROOT] has finished in [881] ms
26-Aug-2023 13:42:12.399 INFO [main] org.apache.coyote.AbstractProtocol.start Starting ProtocolHandler ["http-nio-8080"]
26-Aug-2023 13:42:12.409 INFO [main] org.apache.catalina.startup.Catalina.start Server startup in [942] milliseconds
26-Aug-2023 13:51:55.517 INFO [main] org.apache.catalina.core.StandardServer.await A valid shutdown command was received via the shutdown port. Stopping the Server instance.
26-Aug-2023 13:51:55.538 INFO [main] org.apache.coyote.AbstractProtocol.pause Pausing ProtocolHandler ["http-nio-8080"]
26-Aug-2023 13:51:55.539 INFO [main] org.apache.catalina.core.StandardService.stopInternal Stopping service [Catalina]
26-Aug-2023 13:51:55.545 WARNING [main] org.apache.catalina.loader.WebappClassLoaderBase.clearReferencesJdbc The web application [ROOT] registered the JDBC driver [org.postgresql.Driver] but failed to unregister it when the web application was stopped. To prevent a memory leak, the JDBC Driver has been forcibly unregistered.
26-Aug-2023 13:51:55.553 INFO [main] org.apache.coyote.AbstractProtocol.stop Stopping ProtocolHandler ["http-nio-8080"]
26-Aug-2023 13:51:55.565 INFO [main] org.apache.coyote.AbstractProtocol.destroy Destroying ProtocolHandler ["http-nio-8080"]
26-Aug-2023 13:51:58.033 INFO [main] org.apache.catalina.startup.VersionLoggerListener.log Server version name:   Apache Tomcat/10.1.11
26-Aug-2023 13:51:58.037 INFO [main] org.apache.catalina.startup.VersionLoggerListener.log Server built:          Jul 6 2023 13:45:39 UTC
26-Aug-2023 13:51:58.037 INFO [main] org.apache.catalina.startup.VersionLoggerListener.log Server version number: 10.1.11.0
26-Aug-2023 13:51:58.038 INFO [main] org.apache.catalina.startup.VersionLoggerListener.log OS Name:               Linux
26-Aug-2023 13:51:58.038 INFO [main] org.apache.catalina.startup.VersionLoggerListener.log OS Version:            6.2.0-26-generic
26-Aug-2023 13:51:58.038 INFO [main] org.apache.catalina.startup.VersionLoggerListener.log Architecture:          amd64
26-Aug-2023 13:51:58.038 INFO [main] org.apache.catalina.startup.VersionLoggerListener.log Java Home:             /usr/lib/jvm/java-17-openjdk-amd64
26-Aug-2023 13:51:58.038 INFO [main] org.apache.catalina.startup.VersionLoggerListener.log JVM Version:           17.0.8+7-Ubuntu-122.04
26-Aug-2023 13:51:58.038 INFO [main] org.apache.catalina.startup.VersionLoggerListener.log JVM Vendor:            Private Build
26-Aug-2023 13:51:58.039 INFO [main] org.apache.catalina.startup.VersionLoggerListener.log CATALINA_BASE:         /home/harris/tomcat
26-Aug-2023 13:51:58.039 INFO [main] org.apache.catalina.startup.VersionLoggerListener.log CATALINA_HOME:         /home/harris/tomcat
26-Aug-2023 13:51:58.056 INFO [main] org.apache.catalina.startup.VersionLoggerListener.log Command line argument: -Djava.util.logging.config.file=/home/harris/tomcat/conf/logging.properties
26-Aug-2023 13:51:58.056 INFO [main] org.apache.catalina.startup.VersionLoggerListener.log Command line argument: -Djava.util.logging.manager=org.apache.juli.ClassLoaderLogManager
26-Aug-2023 13:51:58.056 INFO [main] org.apache.catalina.startup.VersionLoggerListener.log Command line argument: -Djdk.tls.ephemeralDHKeySize=2048
26-Aug-2023 13:51:58.056 INFO [main] org.apache.catalina.startup.VersionLoggerListener.log Command line argument: -Djava.protocol.handler.pkgs=org.apache.catalina.webresources
26-Aug-2023 13:51:58.057 INFO [main] org.apache.catalina.startup.VersionLoggerListener.log Command line argument: -Dorg.apache.catalina.security.SecurityListener.UMASK=0027
26-Aug-2023 13:51:58.057 INFO [main] org.apache.catalina.startup.VersionLoggerListener.log Command line argument: --add-opens=java.base/java.lang=ALL-UNNAMED
26-Aug-2023 13:51:58.057 INFO [main] org.apache.catalina.startup.VersionLoggerListener.log Command line argument: --add-opens=java.base/java.io=ALL-UNNAMED
26-Aug-2023 13:51:58.057 INFO [main] org.apache.catalina.startup.VersionLoggerListener.log Command line argument: --add-opens=java.base/java.util=ALL-UNNAMED
26-Aug-2023 13:51:58.057 INFO [main] org.apache.catalina.startup.VersionLoggerListener.log Command line argument: --add-opens=java.base/java.util.concurrent=ALL-UNNAMED
26-Aug-2023 13:51:58.057 INFO [main] org.apache.catalina.startup.VersionLoggerListener.log Command line argument: --add-opens=java.rmi/sun.rmi.transport=ALL-UNNAMED
26-Aug-2023 13:51:58.057 INFO [main] org.apache.catalina.startup.VersionLoggerListener.log Command line argument: -Dcatalina.base=/home/harris/tomcat
26-Aug-2023 13:51:58.057 INFO [main] org.apache.catalina.startup.VersionLoggerListener.log Command line argument: -Dcatalina.home=/home/harris/tomcat
26-Aug-2023 13:51:58.058 INFO [main] org.apache.catalina.startup.VersionLoggerListener.log Command line argument: -Djava.io.tmpdir=/home/harris/tomcat/temp
26-Aug-2023 13:51:58.059 INFO [main] org.apache.catalina.core.AprLifecycleListener.lifecycleEvent The Apache Tomcat Native library which allows using OpenSSL was not found on the java.library.path: [/usr/java/packages/lib:/usr/lib/x86_64-linux-gnu/jni:/lib/x86_64-linux-gnu:/usr/lib/x86_64-linux-gnu:/usr/lib/jni:/lib:/usr/lib]
26-Aug-2023 13:51:58.318 INFO [main] org.apache.coyote.AbstractProtocol.init Initializing ProtocolHandler ["http-nio-8080"]
26-Aug-2023 13:51:58.341 INFO [main] org.apache.catalina.startup.Catalina.load Server initialization in [475] milliseconds
26-Aug-2023 13:51:58.376 INFO [main] org.apache.catalina.core.StandardService.startInternal Starting service [Catalina]
26-Aug-2023 13:51:58.377 INFO [main] org.apache.catalina.core.StandardEngine.startInternal Starting Servlet engine: [Apache Tomcat/10.1.11]
26-Aug-2023 13:51:58.386 INFO [main] org.apache.catalina.startup.HostConfig.deployDirectory Deploying web application directory [/home/harris/tomcat/webapps/ROOT]
26-Aug-2023 13:51:59.239 INFO [main] org.apache.jasper.servlet.TldScanner.scanJars At least one JAR was scanned for TLDs yet contained no TLDs. Enable debug logging for this logger for a complete list of JARs that were scanned but no TLDs were found in them. Skipping unneeded JARs during scanning can improve startup time and JSP compilation time.
26-Aug-2023 13:51:59.284 INFO [main] org.apache.catalina.startup.HostConfig.deployDirectory Deployment of web application directory [/home/harris/tomcat/webapps/ROOT] has finished in [898] ms
26-Aug-2023 13:51:59.289 INFO [main] org.apache.coyote.AbstractProtocol.start Starting ProtocolHandler ["http-nio-8080"]
26-Aug-2023 13:51:59.300 INFO [main] org.apache.catalina.startup.Catalina.start Server startup in [958] milliseconds
