06-Aug-2023 17:46:04.408 INFO [main] org.apache.catalina.startup.VersionLoggerListener.log Server version name:   Apache Tomcat/10.1.11
06-Aug-2023 17:46:04.418 INFO [main] org.apache.catalina.startup.VersionLoggerListener.log Server built:          Jul 6 2023 13:45:39 UTC
06-Aug-2023 17:46:04.419 INFO [main] org.apache.catalina.startup.VersionLoggerListener.log Server version number: 10.1.11.0
06-Aug-2023 17:46:04.419 INFO [main] org.apache.catalina.startup.VersionLoggerListener.log OS Name:               Linux
06-Aug-2023 17:46:04.419 INFO [main] org.apache.catalina.startup.VersionLoggerListener.log OS Version:            5.19.0-50-generic
06-Aug-2023 17:46:04.419 INFO [main] org.apache.catalina.startup.VersionLoggerListener.log Architecture:          amd64
06-Aug-2023 17:46:04.420 INFO [main] org.apache.catalina.startup.VersionLoggerListener.log Java Home:             /usr/lib/jvm/java-17-openjdk-amd64
06-Aug-2023 17:46:04.420 INFO [main] org.apache.catalina.startup.VersionLoggerListener.log JVM Version:           17.0.8+7-Ubuntu-122.04
06-Aug-2023 17:46:04.420 INFO [main] org.apache.catalina.startup.VersionLoggerListener.log JVM Vendor:            Private Build
06-Aug-2023 17:46:04.420 INFO [main] org.apache.catalina.startup.VersionLoggerListener.log CATALINA_BASE:         /home/harris/tomcat
06-Aug-2023 17:46:04.421 INFO [main] org.apache.catalina.startup.VersionLoggerListener.log CATALINA_HOME:         /home/harris/tomcat
06-Aug-2023 17:46:04.444 INFO [main] org.apache.catalina.startup.VersionLoggerListener.log Command line argument: -Djava.util.logging.config.file=/home/harris/tomcat/conf/logging.properties
06-Aug-2023 17:46:04.445 INFO [main] org.apache.catalina.startup.VersionLoggerListener.log Command line argument: -Djava.util.logging.manager=org.apache.juli.ClassLoaderLogManager
06-Aug-2023 17:46:04.445 INFO [main] org.apache.catalina.startup.VersionLoggerListener.log Command line argument: -Djdk.tls.ephemeralDHKeySize=2048
06-Aug-2023 17:46:04.445 INFO [main] org.apache.catalina.startup.VersionLoggerListener.log Command line argument: -Djava.protocol.handler.pkgs=org.apache.catalina.webresources
06-Aug-2023 17:46:04.445 INFO [main] org.apache.catalina.startup.VersionLoggerListener.log Command line argument: -Dorg.apache.catalina.security.SecurityListener.UMASK=0027
06-Aug-2023 17:46:04.445 INFO [main] org.apache.catalina.startup.VersionLoggerListener.log Command line argument: --add-opens=java.base/java.lang=ALL-UNNAMED
06-Aug-2023 17:46:04.446 INFO [main] org.apache.catalina.startup.VersionLoggerListener.log Command line argument: --add-opens=java.base/java.io=ALL-UNNAMED
06-Aug-2023 17:46:04.446 INFO [main] org.apache.catalina.startup.VersionLoggerListener.log Command line argument: --add-opens=java.base/java.util=ALL-UNNAMED
06-Aug-2023 17:46:04.446 INFO [main] org.apache.catalina.startup.VersionLoggerListener.log Command line argument: --add-opens=java.base/java.util.concurrent=ALL-UNNAMED
06-Aug-2023 17:46:04.447 INFO [main] org.apache.catalina.startup.VersionLoggerListener.log Command line argument: --add-opens=java.rmi/sun.rmi.transport=ALL-UNNAMED
06-Aug-2023 17:46:04.448 INFO [main] org.apache.catalina.startup.VersionLoggerListener.log Command line argument: -Dcatalina.base=/home/harris/tomcat
06-Aug-2023 17:46:04.448 INFO [main] org.apache.catalina.startup.VersionLoggerListener.log Command line argument: -Dcatalina.home=/home/harris/tomcat
06-Aug-2023 17:46:04.448 INFO [main] org.apache.catalina.startup.VersionLoggerListener.log Command line argument: -Djava.io.tmpdir=/home/harris/tomcat/temp
06-Aug-2023 17:46:04.451 INFO [main] org.apache.catalina.core.AprLifecycleListener.lifecycleEvent The Apache Tomcat Native library which allows using OpenSSL was not found on the java.library.path: [/usr/java/packages/lib:/usr/lib/x86_64-linux-gnu/jni:/lib/x86_64-linux-gnu:/usr/lib/x86_64-linux-gnu:/usr/lib/jni:/lib:/usr/lib]
06-Aug-2023 17:46:05.023 INFO [main] org.apache.coyote.AbstractProtocol.init Initializing ProtocolHandler ["http-nio-8080"]
06-Aug-2023 17:46:05.081 SEVERE [main] org.apache.catalina.util.LifecycleBase.handleSubClassException Failed to initialize component [Connector[HTTP/1.1-8080]]
	org.apache.catalina.LifecycleException: Protocol handler initialization failed
		at org.apache.catalina.connector.Connector.initInternal(Connector.java:1015)
		at org.apache.catalina.util.LifecycleBase.init(LifecycleBase.java:136)
		at org.apache.catalina.core.StandardService.initInternal(StandardService.java:549)
		at org.apache.catalina.util.LifecycleBase.init(LifecycleBase.java:136)
		at org.apache.catalina.core.StandardServer.initInternal(StandardServer.java:1011)
		at org.apache.catalina.util.LifecycleBase.init(LifecycleBase.java:136)
		at org.apache.catalina.startup.Catalina.load(Catalina.java:747)
		at org.apache.catalina.startup.Catalina.load(Catalina.java:769)
		at java.base/jdk.internal.reflect.NativeMethodAccessorImpl.invoke0(Native Method)
		at java.base/jdk.internal.reflect.NativeMethodAccessorImpl.invoke(NativeMethodAccessorImpl.java:77)
		at java.base/jdk.internal.reflect.DelegatingMethodAccessorImpl.invoke(DelegatingMethodAccessorImpl.java:43)
		at java.base/java.lang.reflect.Method.invoke(Method.java:568)
		at org.apache.catalina.startup.Bootstrap.load(Bootstrap.java:307)
		at org.apache.catalina.startup.Bootstrap.main(Bootstrap.java:477)
	Caused by: java.net.BindException: Address already in use
		at java.base/sun.nio.ch.Net.bind0(Native Method)
		at java.base/sun.nio.ch.Net.bind(Net.java:555)
		at java.base/sun.nio.ch.ServerSocketChannelImpl.netBind(ServerSocketChannelImpl.java:337)
		at java.base/sun.nio.ch.ServerSocketChannelImpl.bind(ServerSocketChannelImpl.java:294)
		at org.apache.tomcat.util.net.NioEndpoint.initServerSocket(NioEndpoint.java:247)
		at org.apache.tomcat.util.net.NioEndpoint.bind(NioEndpoint.java:202)
		at org.apache.tomcat.util.net.AbstractEndpoint.bindWithCleanup(AbstractEndpoint.java:1278)
		at org.apache.tomcat.util.net.AbstractEndpoint.init(AbstractEndpoint.java:1291)
		at org.apache.coyote.AbstractProtocol.init(AbstractProtocol.java:622)
		at org.apache.coyote.http11.AbstractHttp11Protocol.init(AbstractHttp11Protocol.java:77)
		at org.apache.catalina.connector.Connector.initInternal(Connector.java:1013)
		... 13 more
06-Aug-2023 17:46:05.084 INFO [main] org.apache.catalina.startup.Catalina.load Server initialization in [1024] milliseconds
06-Aug-2023 17:46:05.193 INFO [main] org.apache.catalina.core.StandardService.startInternal Starting service [Catalina]
06-Aug-2023 17:46:05.193 INFO [main] org.apache.catalina.core.StandardEngine.startInternal Starting Servlet engine: [Apache Tomcat/10.1.11]
06-Aug-2023 17:46:05.219 INFO [main] org.apache.catalina.startup.HostConfig.deployDirectory Deploying web application directory [/home/harris/tomcat/webapps/manager]
06-Aug-2023 17:46:06.261 INFO [main] org.apache.catalina.startup.HostConfig.deployDirectory Deployment of web application directory [/home/harris/tomcat/webapps/manager] has finished in [1,026] ms
06-Aug-2023 17:46:06.262 INFO [main] org.apache.catalina.startup.HostConfig.deployDirectory Deploying web application directory [/home/harris/tomcat/webapps/ROOT]
06-Aug-2023 17:46:06.329 INFO [main] org.apache.catalina.startup.HostConfig.deployDirectory Deployment of web application directory [/home/harris/tomcat/webapps/ROOT] has finished in [67] ms
06-Aug-2023 17:46:06.329 INFO [main] org.apache.catalina.startup.HostConfig.deployDirectory Deploying web application directory [/home/harris/tomcat/webapps/docs]
06-Aug-2023 17:46:06.352 INFO [main] org.apache.catalina.startup.HostConfig.deployDirectory Deployment of web application directory [/home/harris/tomcat/webapps/docs] has finished in [23] ms
06-Aug-2023 17:46:06.353 INFO [main] org.apache.catalina.startup.HostConfig.deployDirectory Deploying web application directory [/home/harris/tomcat/webapps/host-manager]
06-Aug-2023 17:46:06.379 INFO [main] org.apache.catalina.startup.HostConfig.deployDirectory Deployment of web application directory [/home/harris/tomcat/webapps/host-manager] has finished in [26] ms
06-Aug-2023 17:46:06.379 INFO [main] org.apache.catalina.startup.HostConfig.deployDirectory Deploying web application directory [/home/harris/tomcat/webapps/examples]
06-Aug-2023 17:46:07.999 INFO [main] org.apache.catalina.startup.HostConfig.deployDirectory Deployment of web application directory [/home/harris/tomcat/webapps/examples] has finished in [1,620] ms
06-Aug-2023 17:46:08.043 INFO [main] org.apache.catalina.startup.Catalina.start Server startup in [2958] milliseconds
06-Aug-2023 17:46:08.047 SEVERE [main] org.apache.catalina.core.StandardServer.await Failed to create server shutdown socket on address [localhost] and port [8005] (base port [8005] and offset [0])
	java.net.BindException: Address already in use
		at java.base/sun.nio.ch.Net.bind0(Native Method)
		at java.base/sun.nio.ch.Net.bind(Net.java:555)
		at java.base/sun.nio.ch.Net.bind(Net.java:544)
		at java.base/sun.nio.ch.NioSocketImpl.bind(NioSocketImpl.java:648)
		at java.base/java.net.ServerSocket.bind(ServerSocket.java:388)
		at java.base/java.net.ServerSocket.<init>(ServerSocket.java:274)
		at org.apache.catalina.core.StandardServer.await(StandardServer.java:578)
		at org.apache.catalina.startup.Catalina.await(Catalina.java:887)
		at org.apache.catalina.startup.Catalina.start(Catalina.java:833)
		at java.base/jdk.internal.reflect.NativeMethodAccessorImpl.invoke0(Native Method)
		at java.base/jdk.internal.reflect.NativeMethodAccessorImpl.invoke(NativeMethodAccessorImpl.java:77)
		at java.base/jdk.internal.reflect.DelegatingMethodAccessorImpl.invoke(DelegatingMethodAccessorImpl.java:43)
		at java.base/java.lang.reflect.Method.invoke(Method.java:568)
		at org.apache.catalina.startup.Bootstrap.start(Bootstrap.java:347)
		at org.apache.catalina.startup.Bootstrap.main(Bootstrap.java:478)
06-Aug-2023 17:46:08.047 INFO [main] org.apache.coyote.AbstractProtocol.pause Pausing ProtocolHandler ["http-nio-8080"]
06-Aug-2023 17:46:08.048 INFO [main] org.apache.catalina.core.StandardService.stopInternal Stopping service [Catalina]
06-Aug-2023 17:46:08.417 INFO [main] org.apache.coyote.AbstractProtocol.stop Stopping ProtocolHandler ["http-nio-8080"]
06-Aug-2023 17:46:08.418 INFO [main] org.apache.coyote.AbstractProtocol.destroy Destroying ProtocolHandler ["http-nio-8080"]
06-Aug-2023 17:55:24.811 INFO [main] org.apache.catalina.startup.VersionLoggerListener.log Server version name:   Apache Tomcat/10.1.11
06-Aug-2023 17:55:24.850 INFO [main] org.apache.catalina.startup.VersionLoggerListener.log Server built:          Jul 6 2023 13:45:39 UTC
06-Aug-2023 17:55:24.850 INFO [main] org.apache.catalina.startup.VersionLoggerListener.log Server version number: 10.1.11.0
06-Aug-2023 17:55:24.850 INFO [main] org.apache.catalina.startup.VersionLoggerListener.log OS Name:               Linux
06-Aug-2023 17:55:24.850 INFO [main] org.apache.catalina.startup.VersionLoggerListener.log OS Version:            6.2.0-26-generic
06-Aug-2023 17:55:24.850 INFO [main] org.apache.catalina.startup.VersionLoggerListener.log Architecture:          amd64
06-Aug-2023 17:55:24.851 INFO [main] org.apache.catalina.startup.VersionLoggerListener.log Java Home:             /usr/lib/jvm/java-17-openjdk-amd64
06-Aug-2023 17:55:24.851 INFO [main] org.apache.catalina.startup.VersionLoggerListener.log JVM Version:           17.0.8+7-Ubuntu-122.04
06-Aug-2023 17:55:24.851 INFO [main] org.apache.catalina.startup.VersionLoggerListener.log JVM Vendor:            Private Build
06-Aug-2023 17:55:24.851 INFO [main] org.apache.catalina.startup.VersionLoggerListener.log CATALINA_BASE:         /home/harris/tomcat
06-Aug-2023 17:55:24.851 INFO [main] org.apache.catalina.startup.VersionLoggerListener.log CATALINA_HOME:         /home/harris/tomcat
06-Aug-2023 17:55:24.893 INFO [main] org.apache.catalina.startup.VersionLoggerListener.log Command line argument: -Djava.util.logging.config.file=/home/harris/tomcat/conf/logging.properties
06-Aug-2023 17:55:24.893 INFO [main] org.apache.catalina.startup.VersionLoggerListener.log Command line argument: -Djava.util.logging.manager=org.apache.juli.ClassLoaderLogManager
06-Aug-2023 17:55:24.893 INFO [main] org.apache.catalina.startup.VersionLoggerListener.log Command line argument: -Djdk.tls.ephemeralDHKeySize=2048
06-Aug-2023 17:55:24.894 INFO [main] org.apache.catalina.startup.VersionLoggerListener.log Command line argument: -Djava.protocol.handler.pkgs=org.apache.catalina.webresources
06-Aug-2023 17:55:24.894 INFO [main] org.apache.catalina.startup.VersionLoggerListener.log Command line argument: -Dorg.apache.catalina.security.SecurityListener.UMASK=0027
06-Aug-2023 17:55:24.894 INFO [main] org.apache.catalina.startup.VersionLoggerListener.log Command line argument: --add-opens=java.base/java.lang=ALL-UNNAMED
06-Aug-2023 17:55:24.894 INFO [main] org.apache.catalina.startup.VersionLoggerListener.log Command line argument: --add-opens=java.base/java.io=ALL-UNNAMED
06-Aug-2023 17:55:24.894 INFO [main] org.apache.catalina.startup.VersionLoggerListener.log Command line argument: --add-opens=java.base/java.util=ALL-UNNAMED
06-Aug-2023 17:55:24.895 INFO [main] org.apache.catalina.startup.VersionLoggerListener.log Command line argument: --add-opens=java.base/java.util.concurrent=ALL-UNNAMED
06-Aug-2023 17:55:24.895 INFO [main] org.apache.catalina.startup.VersionLoggerListener.log Command line argument: --add-opens=java.rmi/sun.rmi.transport=ALL-UNNAMED
06-Aug-2023 17:55:24.895 INFO [main] org.apache.catalina.startup.VersionLoggerListener.log Command line argument: -Dcatalina.base=/home/harris/tomcat
06-Aug-2023 17:55:24.895 INFO [main] org.apache.catalina.startup.VersionLoggerListener.log Command line argument: -Dcatalina.home=/home/harris/tomcat
06-Aug-2023 17:55:24.895 INFO [main] org.apache.catalina.startup.VersionLoggerListener.log Command line argument: -Djava.io.tmpdir=/home/harris/tomcat/temp
06-Aug-2023 17:55:24.939 INFO [main] org.apache.catalina.core.AprLifecycleListener.lifecycleEvent The Apache Tomcat Native library which allows using OpenSSL was not found on the java.library.path: [/usr/java/packages/lib:/usr/lib/x86_64-linux-gnu/jni:/lib/x86_64-linux-gnu:/usr/lib/x86_64-linux-gnu:/usr/lib/jni:/lib:/usr/lib]
06-Aug-2023 17:55:26.361 INFO [main] org.apache.coyote.AbstractProtocol.init Initializing ProtocolHandler ["http-nio-8080"]
06-Aug-2023 17:55:26.491 INFO [main] org.apache.catalina.startup.Catalina.load Server initialization in [2696] milliseconds
06-Aug-2023 17:55:26.554 INFO [main] org.apache.catalina.core.StandardService.startInternal Starting service [Catalina]
06-Aug-2023 17:55:26.554 INFO [main] org.apache.catalina.core.StandardEngine.startInternal Starting Servlet engine: [Apache Tomcat/10.1.11]
06-Aug-2023 17:55:26.568 INFO [main] org.apache.catalina.startup.HostConfig.deployDirectory Deploying web application directory [/home/harris/tomcat/webapps/manager]
06-Aug-2023 17:55:27.390 INFO [main] org.apache.catalina.startup.HostConfig.deployDirectory Deployment of web application directory [/home/harris/tomcat/webapps/manager] has finished in [823] ms
06-Aug-2023 17:55:27.391 INFO [main] org.apache.catalina.startup.HostConfig.deployDirectory Deploying web application directory [/home/harris/tomcat/webapps/ROOT]
06-Aug-2023 17:55:27.416 INFO [main] org.apache.catalina.startup.HostConfig.deployDirectory Deployment of web application directory [/home/harris/tomcat/webapps/ROOT] has finished in [25] ms
06-Aug-2023 17:55:27.417 INFO [main] org.apache.catalina.startup.HostConfig.deployDirectory Deploying web application directory [/home/harris/tomcat/webapps/docs]
06-Aug-2023 17:55:27.465 INFO [main] org.apache.catalina.startup.HostConfig.deployDirectory Deployment of web application directory [/home/harris/tomcat/webapps/docs] has finished in [49] ms
06-Aug-2023 17:55:27.466 INFO [main] org.apache.catalina.startup.HostConfig.deployDirectory Deploying web application directory [/home/harris/tomcat/webapps/host-manager]
06-Aug-2023 17:55:27.523 INFO [main] org.apache.catalina.startup.HostConfig.deployDirectory Deployment of web application directory [/home/harris/tomcat/webapps/host-manager] has finished in [56] ms
06-Aug-2023 17:55:27.524 INFO [main] org.apache.catalina.startup.HostConfig.deployDirectory Deploying web application directory [/home/harris/tomcat/webapps/examples]
06-Aug-2023 17:55:28.049 INFO [main] org.apache.catalina.startup.HostConfig.deployDirectory Deployment of web application directory [/home/harris/tomcat/webapps/examples] has finished in [524] ms
06-Aug-2023 17:55:28.055 INFO [main] org.apache.coyote.AbstractProtocol.start Starting ProtocolHandler ["http-nio-8080"]
06-Aug-2023 17:55:28.074 INFO [main] org.apache.catalina.startup.Catalina.start Server startup in [1583] milliseconds
06-Aug-2023 18:07:59.181 INFO [Catalina-utility-1] org.apache.catalina.startup.HostConfig.undeploy Undeploying context [/examples]
06-Aug-2023 18:08:00.074 INFO [Catalina-utility-1] org.apache.catalina.startup.HostConfig.undeploy Undeploying context [/host-manager]
06-Aug-2023 18:08:00.579 INFO [Catalina-utility-1] org.apache.catalina.startup.HostConfig.undeploy Undeploying context [/manager]
06-Aug-2023 18:08:01.091 INFO [Catalina-utility-1] org.apache.catalina.startup.HostConfig.undeploy Undeploying context [/docs]
